========================================================= 
GOL Running with following 
========================================================= 
Requesting grid size of (10000,10000), which requires 0.372529 GB 
Number of steps 10 
IC type 0 
Visualization type -1 
Neighbour rule type 0 
Boundary rule type 0 
========================================================= 
 
========================================================= 
Core binding report:
 On node DESKTOP-0F2TAI0 : MPI Rank 0 :  Thread 0 :  Core affinity = 0-15 
========================================================= 
 
========================================================= 
Memory Usage @ Function report_runtime_state @ 354 
 (VM, Peak VM, RSS, Peak RSS) = (2500, 2500, 700, 700) kilobytes 
========================================================= 
 
========================================================= 
Memory Usage @ Function generate_IC @ 301 
 (VM, Peak VM, RSS, Peak RSS) = (783756, 783756, 392436, 392436) kilobytes 
========================================================= 
 
Game of Life, Step 0:
Elapsed time 2.507021 s
Game of Life, Step 1:
Elapsed time 2.370505 s
Game of Life, Step 2:
Elapsed time 2.370254 s
Game of Life, Step 3:
Elapsed time 2.365561 s
Game of Life, Step 4:
Elapsed time 2.367801 s
Game of Life, Step 5:
Elapsed time 2.362769 s
Game of Life, Step 6:
Elapsed time 2.364260 s
Game of Life, Step 7:
Elapsed time 2.360114 s
Game of Life, Step 8:
Elapsed time 2.368543 s
Game of Life, Step 9:
Elapsed time 2.358912 s
Finnished GOL
Elapsed time 23.795784 s
