========================================================= 
GOL Running with following 
========================================================= 
Requesting grid size of (500,500), which requires 0.000931 GB 
Number of steps 10 
IC type 1 
Visualization type -1 
Neighbour rule type 0 
Boundary rule type 0 
========================================================= 
 
========================================================= 
Core binding report:
 On node DESKTOP-0F2TAI0 : MPI Rank 0 :  Thread 0 :  Core affinity = 0-15 
========================================================= 
 
========================================================= 
Memory Usage @ Function report_runtime_state @ 354 
 (VM, Peak VM, RSS, Peak RSS) = (2500, 2500, 700, 700) kilobytes 
========================================================= 
 
========================================================= 
Memory Usage @ Function generate_IC @ 301 
 (VM, Peak VM, RSS, Peak RSS) = (4460, 4460, 700, 700) kilobytes 
========================================================= 
 
Game of Life, Step 0:
Elapsed time 0.003034 s
Game of Life, Step 1:
Elapsed time 0.002471 s
Game of Life, Step 2:
Elapsed time 0.002245 s
Game of Life, Step 3:
Elapsed time 0.002508 s
Game of Life, Step 4:
Elapsed time 0.002340 s
Game of Life, Step 5:
Elapsed time 0.002269 s
Game of Life, Step 6:
Elapsed time 0.002302 s
Game of Life, Step 7:
Elapsed time 0.002244 s
Game of Life, Step 8:
Elapsed time 0.002244 s
Game of Life, Step 9:
Elapsed time 0.002249 s
Finnished GOL
Elapsed time 0.023921 s
