========================================================= 
GOL Running with following 
========================================================= 
Requesting grid size of (10000,10000), which requires 0.372529 GB 
Number of steps 10 
IC type 0 
Visualization type -1 
Neighbour rule type 0 
Boundary rule type 0 
========================================================= 
 
========================================================= 
Core binding report:
 On node DESKTOP-0F2TAI0 : MPI Rank 0 :  Thread 0 :  Core affinity = 0-15 
========================================================= 
 
========================================================= 
Memory Usage @ Function report_runtime_state @ 354 
 (VM, Peak VM, RSS, Peak RSS) = (2500, 2500, 700, 700) kilobytes 
========================================================= 
 
========================================================= 
Memory Usage @ Function generate_IC @ 301 
 (VM, Peak VM, RSS, Peak RSS) = (783756, 783756, 392348, 392348) kilobytes 
========================================================= 
 
Game of Life, Step 0:
Elapsed time 1.020247 s
Game of Life, Step 1:
Elapsed time 0.838063 s
Game of Life, Step 2:
Elapsed time 0.759181 s
Game of Life, Step 3:
Elapsed time 0.742531 s
Game of Life, Step 4:
Elapsed time 0.816720 s
Game of Life, Step 5:
Elapsed time 0.799632 s
Game of Life, Step 6:
Elapsed time 0.750627 s
Game of Life, Step 7:
Elapsed time 0.756440 s
Game of Life, Step 8:
Elapsed time 0.785456 s
Game of Life, Step 9:
Elapsed time 0.773379 s
Finnished GOL
Elapsed time 8.042347 s
