========================================================= 
GOL Running with following 
========================================================= 
Requesting grid size of (1000,1000), which requires 0.003725 GB 
Number of steps 5 
IC type 0 
Visualization type 26 
Neighbour rule type 1 
Boundary rule type 0 
========================================================= 
 
========================================================= 
Core binding report:
 On node DESKTOP-0F2TAI0 : MPI Rank 0 :  Thread 0 :  Core affinity = 0-15 
========================================================= 
 
========================================================= 
Memory Usage @ Function report_runtime_state @ 354 
 (VM, Peak VM, RSS, Peak RSS) = (2936, 2936, 732, 732) kilobytes 
========================================================= 
 
========================================================= 
Memory Usage @ Function generate_IC @ 301 
 (VM, Peak VM, RSS, Peak RSS) = (10752, 10752, 5812, 5812) kilobytes 
========================================================= 
 
Game of Life, Step 0:
Elapsed time 0.004797 s
Game of Life, Step 1:
Elapsed time 0.003813 s
Game of Life, Step 2:
Elapsed time 0.003928 s
Game of Life, Step 3:
Elapsed time 0.004590 s
Game of Life, Step 4:
Elapsed time 0.004710 s
Finnished GOL
Elapsed time 0.021849 s
