========================================================= 
GOL Running with following 
========================================================= 
Requesting grid size of (10,10), which requires 0.000000 GB 
Number of steps 10 
IC type 0 
Visualization type -1 
Neighbour rule type 0 
Boundary rule type 0 
========================================================= 
 
========================================================= 
Core binding report:
 On node DESKTOP-0F2TAI0 : MPI Rank 0 :  Thread 0 :  Core affinity = 0-15 
========================================================= 
 
========================================================= 
Memory Usage @ Function report_runtime_state @ 354 
 (VM, Peak VM, RSS, Peak RSS) = (2936, 2936, 796, 796) kilobytes 
========================================================= 
 
========================================================= 
Memory Usage @ Function generate_IC @ 301 
 (VM, Peak VM, RSS, Peak RSS) = (2936, 2936, 796, 796) kilobytes 
========================================================= 
 
Game of Life, Step 0:
Elapsed time 0.002742 s
Game of Life, Step 1:
Elapsed time 0.001503 s
Game of Life, Step 2:
Elapsed time 0.001874 s
Game of Life, Step 3:
Elapsed time 0.001464 s
Game of Life, Step 4:
Elapsed time 0.001797 s
Game of Life, Step 5:
Elapsed time 0.001877 s
Game of Life, Step 6:
Elapsed time 0.001855 s
Game of Life, Step 7:
Elapsed time 0.001715 s
Game of Life, Step 8:
Elapsed time 0.001801 s
Game of Life, Step 9:
Elapsed time 0.001604 s
Finnished GOL
Elapsed time 0.018252 s
