========================================================= 
GOL Running with following 
========================================================= 
Requesting grid size of (100,100), which requires 0.000037 GB 
Number of steps 10 
IC type 0 
Visualization type -1 
Neighbour rule type 0 
Boundary rule type 0 
========================================================= 
 
========================================================= 
Core binding report:
 On node DESKTOP-0F2TAI0 : MPI Rank 0 :  Thread 0 :  Core affinity = 0-15 
========================================================= 
 
========================================================= 
Memory Usage @ Function report_runtime_state @ 354 
 (VM, Peak VM, RSS, Peak RSS) = (2936, 2936, 796, 796) kilobytes 
========================================================= 
 
========================================================= 
Memory Usage @ Function generate_IC @ 301 
 (VM, Peak VM, RSS, Peak RSS) = (2936, 2936, 796, 796) kilobytes 
========================================================= 
 
Game of Life, Step 0:
Elapsed time 0.002212 s
Game of Life, Step 1:
Elapsed time 0.001174 s
Game of Life, Step 2:
Elapsed time 0.001133 s
Game of Life, Step 3:
Elapsed time 0.001340 s
Game of Life, Step 4:
Elapsed time 0.001158 s
Game of Life, Step 5:
Elapsed time 0.001192 s
Game of Life, Step 6:
Elapsed time 0.001115 s
Game of Life, Step 7:
Elapsed time 0.001057 s
Game of Life, Step 8:
Elapsed time 0.001192 s
Game of Life, Step 9:
Elapsed time 0.001076 s
Finnished GOL
Elapsed time 0.012667 s
