========================================================= 
GOL Running with following 
========================================================= 
Requesting grid size of (10000,10000), which requires 0.372529 GB 
Number of steps 10 
IC type 0 
Visualization type -1 
Neighbour rule type 0 
Boundary rule type 0 
========================================================= 
 
========================================================= 
Core binding report:
 On node DESKTOP-0F2TAI0 : MPI Rank 0 :  Thread 0 :  Core affinity = 0-15 
========================================================= 
 
========================================================= 
Memory Usage @ Function report_runtime_state @ 354 
 (VM, Peak VM, RSS, Peak RSS) = (2500, 2500, 644, 644) kilobytes 
========================================================= 
 
========================================================= 
Memory Usage @ Function generate_IC @ 301 
 (VM, Peak VM, RSS, Peak RSS) = (783756, 783756, 392068, 392068) kilobytes 
========================================================= 
 
Game of Life, Step 0:
Elapsed time 1.436912 s
Game of Life, Step 1:
Elapsed time 1.196920 s
Game of Life, Step 2:
Elapsed time 1.181209 s
Game of Life, Step 3:
Elapsed time 1.173162 s
Game of Life, Step 4:
Elapsed time 1.168445 s
Game of Life, Step 5:
Elapsed time 1.172659 s
Game of Life, Step 6:
Elapsed time 1.165197 s
Game of Life, Step 7:
Elapsed time 1.160498 s
Game of Life, Step 8:
Elapsed time 1.163748 s
Game of Life, Step 9:
Elapsed time 1.158077 s
Finnished GOL
Elapsed time 11.976894 s
