========================================================= 
GOL Running with following 
========================================================= 
Requesting grid size of (15000,15000), which requires 0.838190 GB 
Number of steps 10 
IC type 0 
Visualization type -1 
Neighbour rule type 0 
Boundary rule type 0 
========================================================= 
 
========================================================= 
Core binding report:
 On node DESKTOP-0F2TAI0 : MPI Rank 0 :  Thread 0 :  Core affinity = 0-15 
========================================================= 
 
========================================================= 
Memory Usage @ Function report_runtime_state @ 354 
 (VM, Peak VM, RSS, Peak RSS) = (2936, 2936, 732, 732) kilobytes 
========================================================= 
 
========================================================= 
Memory Usage @ Function generate_IC @ 301 
 (VM, Peak VM, RSS, Peak RSS) = (1760752, 1760752, 881072, 881072) kilobytes 
========================================================= 
 
Game of Life, Step 0:
Elapsed time 0.255027 s
Game of Life, Step 1:
Elapsed time 0.205650 s
Game of Life, Step 2:
Elapsed time 0.199554 s
Game of Life, Step 3:
Elapsed time 0.194988 s
Game of Life, Step 4:
Elapsed time 0.199174 s
Game of Life, Step 5:
Elapsed time 0.196592 s
Game of Life, Step 6:
Elapsed time 0.193313 s
Game of Life, Step 7:
Elapsed time 0.196941 s
Game of Life, Step 8:
Elapsed time 0.199522 s
Game of Life, Step 9:
Elapsed time 0.195576 s
Finnished GOL
Elapsed time 2.036416 s
