========================================================= 
GOL Running with following 
========================================================= 
Requesting grid size of (30000,30000), which requires 3.352761 GB 
Number of steps 10 
IC type 0 
Visualization type -1 
Neighbour rule type 0 
Boundary rule type 0 
========================================================= 
 
========================================================= 
Core binding report:
 On node DESKTOP-0F2TAI0 : MPI Rank 0 :  Thread 0 :  Core affinity = 0-15 
========================================================= 
 
========================================================= 
Memory Usage @ Function report_runtime_state @ 354 
 (VM, Peak VM, RSS, Peak RSS) = (2936, 2936, 800, 800) kilobytes 
========================================================= 
 
========================================================= 
Memory Usage @ Function generate_IC @ 301 
 (VM, Peak VM, RSS, Peak RSS) = (7034192, 7034192, 3517720, 3517720) kilobytes 
========================================================= 
 
Game of Life, Step 0:
Elapsed time 4.370447 s
Game of Life, Step 1:
Elapsed time 5.438362 s
Game of Life, Step 2:
Elapsed time 1.815936 s
Game of Life, Step 3:
Elapsed time 0.792924 s
Game of Life, Step 4:
Elapsed time 0.790018 s
Game of Life, Step 5:
Elapsed time 0.790518 s
Game of Life, Step 6:
Elapsed time 0.791561 s
Game of Life, Step 7:
Elapsed time 0.770376 s
Game of Life, Step 8:
Elapsed time 0.774848 s
Game of Life, Step 9:
Elapsed time 0.777947 s
Finnished GOL
Elapsed time 17.113010 s
