========================================================= 
GOL Running with following 
========================================================= 
Requesting grid size of (20000,20000), which requires 1.490116 GB 
Number of steps 10 
IC type 0 
Visualization type -1 
Neighbour rule type 0 
Boundary rule type 0 
========================================================= 
 
========================================================= 
Core binding report:
 On node DESKTOP-0F2TAI0 : MPI Rank 0 :  Thread 0 :  Core affinity = 0-15 
========================================================= 
 
========================================================= 
Memory Usage @ Function report_runtime_state @ 354 
 (VM, Peak VM, RSS, Peak RSS) = (2936, 2936, 736, 736) kilobytes 
========================================================= 
 
========================================================= 
Memory Usage @ Function generate_IC @ 301 
 (VM, Peak VM, RSS, Peak RSS) = (3127944, 3127944, 1564532, 1564532) kilobytes 
========================================================= 
 
Game of Life, Step 0:
Elapsed time 0.447515 s
Game of Life, Step 1:
Elapsed time 0.369017 s
Game of Life, Step 2:
Elapsed time 0.357939 s
Game of Life, Step 3:
Elapsed time 0.344590 s
Game of Life, Step 4:
Elapsed time 0.351220 s
Game of Life, Step 5:
Elapsed time 0.341236 s
Game of Life, Step 6:
Elapsed time 0.340517 s
Game of Life, Step 7:
Elapsed time 0.333866 s
Game of Life, Step 8:
Elapsed time 0.348349 s
Game of Life, Step 9:
Elapsed time 0.340962 s
Finnished GOL
Elapsed time 3.575286 s
