========================================================= 
GOL Running with following 
========================================================= 
Requesting grid size of (10000,10000), which requires 0.372529 GB 
Number of steps 10 
IC type 0 
Visualization type -1 
Neighbour rule type 0 
Boundary rule type 0 
========================================================= 
 
========================================================= 
Core binding report:
 On node DESKTOP-0F2TAI0 : MPI Rank 0 :  Thread 0 :  Core affinity = 0-15 
========================================================= 
 
========================================================= 
Memory Usage @ Function report_runtime_state @ 354 
 (VM, Peak VM, RSS, Peak RSS) = (2500, 2500, 636, 636) kilobytes 
========================================================= 
 
========================================================= 
Memory Usage @ Function generate_IC @ 301 
 (VM, Peak VM, RSS, Peak RSS) = (783756, 783756, 392192, 392192) kilobytes 
========================================================= 
 
Game of Life, Step 0:
Elapsed time 2.469061 s
Game of Life, Step 1:
Elapsed time 2.361807 s
Game of Life, Step 2:
Elapsed time 2.372555 s
Game of Life, Step 3:
Elapsed time 2.377752 s
Game of Life, Step 4:
Elapsed time 2.370402 s
Game of Life, Step 5:
Elapsed time 2.363705 s
Game of Life, Step 6:
Elapsed time 2.392781 s
Game of Life, Step 7:
Elapsed time 2.368980 s
Game of Life, Step 8:
Elapsed time 2.370772 s
Game of Life, Step 9:
Elapsed time 2.361396 s
Finnished GOL
Elapsed time 23.809273 s
