========================================================= 
GOL Running with following 
========================================================= 
Requesting grid size of (10000,10000), which requires 0.372529 GB 
Number of steps 10 
IC type 0 
Visualization type -1 
Neighbour rule type 0 
Boundary rule type 0 
========================================================= 
 
========================================================= 
Core binding report:
 On node DESKTOP-0F2TAI0 : MPI Rank 0 :  Thread 0 :  Core affinity = 0-15 
========================================================= 
 
========================================================= 
Memory Usage @ Function report_runtime_state @ 354 
 (VM, Peak VM, RSS, Peak RSS) = (2936, 2936, 740, 740) kilobytes 
========================================================= 
 
========================================================= 
Memory Usage @ Function generate_IC @ 301 
 (VM, Peak VM, RSS, Peak RSS) = (784192, 784192, 392688, 392688) kilobytes 
========================================================= 
 
Game of Life, Step 0:
Elapsed time 0.122801 s
Game of Life, Step 1:
Elapsed time 0.098632 s
Game of Life, Step 2:
Elapsed time 0.092380 s
Game of Life, Step 3:
Elapsed time 0.097740 s
Game of Life, Step 4:
Elapsed time 0.101428 s
Game of Life, Step 5:
Elapsed time 0.095847 s
Game of Life, Step 6:
Elapsed time 0.091194 s
Game of Life, Step 7:
Elapsed time 0.092702 s
Game of Life, Step 8:
Elapsed time 0.090101 s
Game of Life, Step 9:
Elapsed time 0.091561 s
Finnished GOL
Elapsed time 0.974460 s
