========================================================= 
GOL Running with following 
========================================================= 
Requesting grid size of (10,10), which requires 0.000000 GB 
Number of steps 5 
IC type 0 
Visualization type 0 
Neighbour rule type 0 
Boundary rule type 0 
========================================================= 
 
========================================================= 
Core binding report:
 On node DESKTOP-0F2TAI0 : MPI Rank 0 :  Thread 0 :  Core affinity = 0-15 
========================================================= 
 
========================================================= 
Memory Usage @ Function report_runtime_state @ 354 
 (VM, Peak VM, RSS, Peak RSS) = (2936, 2936, 740, 740) kilobytes 
========================================================= 
 
========================================================= 
Memory Usage @ Function generate_IC @ 301 
 (VM, Peak VM, RSS, Peak RSS) = (2936, 2936, 740, 740) kilobytes 
========================================================= 
 
Game of Life
Step 0:
 *  *  *     *     *  *  *    
 *     *  *  *     *     *    
    *  *     *     *     *    
          *  *  *  *  *     * 
    *        *     *        * 
       *  *  *  *  *  *  *  * 
       *           *        * 
    *  *  *     *     *  *  * 
 *     *  *  *  *     *  *  * 
    *  *  *           *  *    
Game of Life, Step 0:
Elapsed time 0.002730 s
Game of Life
Step 1:
 *     *     *     *     *    
 *           *     *     *  * 
    *                    *  * 
    *                       * 
                            * 
    *  *     *              * 
                              
                *             
 *              *             
    *              *  *     * 
Game of Life, Step 1:
Elapsed time 0.001313 s
Game of Life
Step 2:
    *     *              *  * 
 *        *                   
 *  *                 *       
                            * 
    *  *                 *  * 
                              
                              
                              
                *             
                   *          
Game of Life, Step 2:
Elapsed time 0.001258 s
Game of Life
Step 3:
       *                      
 *                       *    
 *  *                         
 *     *                    * 
                         *  * 
                              
                              
                              
                              
                              
Game of Life, Step 3:
Elapsed time 0.001310 s
Game of Life
Step 4:
                              
 *                            
 *                            
 *                       *  * 
                         *  * 
                              
                              
                              
                              
                              
Game of Life, Step 4:
Elapsed time 0.001354 s
Finnished GOL
Elapsed time 0.007975 s
