========================================================= 
GOL Running with following 
========================================================= 
Requesting grid size of (15000,15000), which requires 0.838190 GB 
Number of steps 10 
IC type 0 
Visualization type -1 
Neighbour rule type 0 
Boundary rule type 0 
========================================================= 
 
========================================================= 
Core binding report:
 On node DESKTOP-0F2TAI0 : MPI Rank 0 :  Thread 0 :  Core affinity = 0-15 
========================================================= 
 
========================================================= 
Memory Usage @ Function report_runtime_state @ 354 
 (VM, Peak VM, RSS, Peak RSS) = (2936, 2936, 736, 736) kilobytes 
========================================================= 
 
========================================================= 
Memory Usage @ Function generate_IC @ 301 
 (VM, Peak VM, RSS, Peak RSS) = (1760752, 1760752, 881076, 881076) kilobytes 
========================================================= 
 
Game of Life, Step 0:
Elapsed time 0.256716 s
Game of Life, Step 1:
Elapsed time 0.210295 s
Game of Life, Step 2:
Elapsed time 0.202147 s
Game of Life, Step 3:
Elapsed time 0.202252 s
Game of Life, Step 4:
Elapsed time 0.196493 s
Game of Life, Step 5:
Elapsed time 0.211245 s
Game of Life, Step 6:
Elapsed time 0.209944 s
Game of Life, Step 7:
Elapsed time 0.201604 s
Game of Life, Step 8:
Elapsed time 0.196684 s
Game of Life, Step 9:
Elapsed time 0.196649 s
Finnished GOL
Elapsed time 2.084097 s
